# JRE version: OpenJDK Runtime Environment Temurin-21.0.9+10 (21.0.9+10) (build 21.0.9+10-LTS)
# Java VM: OpenJDK 64-Bit Server VM Temurin-21.0.9+10 (21.0.9+10-LTS, mixed mode, sharing, tiered, compressed oops, compressed class ptrs, parallel gc, windows-amd64)
GC Precious Log:
 CardTable entry size: 512
 CPUs: 4 total, 4 available
 Memory: 3983M
 Large Page Support: Disabled
 NUMA Support: Disabled
 Compressed Oops: Enabled (32-bit)
 Alignments: Space 512K, Generation 512K, Heap 2M
 Heap Min Capacity: 100M
 Heap Initial Capacity: 100M
 Heap Max Capacity: 2G
 Pre-touch: Disabled
 Parallel Workers: 4
Heap:
 PSYoungGen      total 5120K, used 350K [0x00000000d5580000, 0x00000000d5b80000, 0x0000000100000000)
  eden space 4096K, 4% used [0x00000000d5580000,0x00000000d55afb98,0x00000000d5980000)
  from space 1024K, 15% used [0x00000000d5a00000,0x00000000d5a28000,0x00000000d5b00000)
  to   space 512K, 0% used [0x00000000d5b00000,0x00000000d5b00000,0x00000000d5b80000)
 ParOldGen       total 176640K, used 176347K [0x0000000080000000, 0x000000008ac80000, 0x00000000d5580000)
  object space 176640K, 99% used [0x0000000080000000,0x000000008ac36c70,0x000000008ac80000)
 Metaspace       used 73547K, committed 75136K, reserved 1179648K
  class space    used 7708K, committed 8384K, reserved 1048576K
GC Heap History (20 events):
Event: 96.765 GC heap before
{Heap before GC invocations=219 (full 3):
 PSYoungGen      total 5120K, used 4448K [0x00000000d5580000, 0x00000000d5b80000, 0x0000000100000000)
  eden space 4096K, 100% used [0x00000000d5580000,0x00000000d5980000,0x00000000d5980000)
  from space 1024K, 34% used [0x00000000d5980000,0x00000000d59d8000,0x00000000d5a80000)
  to   space 1024K, 0% used [0x00000000d5a80000,0x00000000d5a80000,0x00000000d5b80000)
 ParOldGen       total 171008K, used 170569K [0x0000000080000000, 0x000000008a700000, 0x00000000d5580000)
  object space 171008K, 99% used [0x0000000080000000,0x000000008a6927d8,0x000000008a700000)
 Metaspace       used 71700K, committed 73216K, reserved 1114112K
  class space    used 7495K, committed 8128K, reserved 1048576K
}
Event: 96.767 GC heap after
{Heap after GC invocations=219 (full 3):
 PSYoungGen      total 5120K, used 738K [0x00000000d5580000, 0x00000000d5b80000, 0x0000000100000000)
  eden space 4096K, 0% used [0x00000000d5580000,0x00000000d5580000,0x00000000d5980000)
  from space 1024K, 72% used [0x00000000d5a80000,0x00000000d5b38878,0x00000000d5b80000)
  to   space 1024K, 0% used [0x00000000d5980000,0x00000000d5980000,0x00000000d5a80000)
 ParOldGen       total 171008K, used 170857K [0x0000000080000000, 0x000000008a700000, 0x00000000d5580000)
  object space 171008K, 99% used [0x0000000080000000,0x000000008a6da7d8,0x000000008a700000)
 Metaspace       used 71700K, committed 73216K, reserved 1114112K
  class space    used 7495K, committed 8128K, reserved 1048576K
}
Event: 96.807 GC heap before
{Heap before GC invocations=220 (full 3):
 PSYoungGen      total 5120K, used 4834K [0x00000000d5580000, 0x00000000d5b80000, 0x0000000100000000)
  eden space 4096K, 100% used [0x00000000d5580000,0x00000000d5980000,0x00000000d5980000)
  from space 1024K, 72% used [0x00000000d5a80000,0x00000000d5b38878,0x00000000d5b80000)
  to   space 1024K, 0% used [0x00000000d5980000,0x00000000d5980000,0x00000000d5a80000)
 ParOldGen       total 171008K, used 170857K [0x0000000080000000, 0x000000008a700000, 0x00000000d5580000)
  object space 171008K, 99% used [0x0000000080000000,0x000000008a6da7d8,0x000000008a700000)
 Metaspace       used 71715K, committed 73216K, reserved 1114112K
  class space    used 7495K, committed 8128K, reserved 1048576K
}
Event: 96.809 GC heap after
{Heap after GC invocations=220 (full 3):
 PSYoungGen      total 5120K, used 699K [0x00000000d5580000, 0x00000000d5b80000, 0x0000000100000000)
  eden space 4096K, 0% used [0x00000000d5580000,0x00000000d5580000,0x00000000d5980000)
  from space 1024K, 68% used [0x00000000d5980000,0x00000000d5a2eea0,0x00000000d5a80000)
  to   space 1024K, 0% used [0x00000000d5a80000,0x00000000d5a80000,0x00000000d5b80000)
 ParOldGen       total 171520K, used 171391K [0x0000000080000000, 0x000000008a780000, 0x00000000d5580000)
  object space 171520K, 99% used [0x0000000080000000,0x000000008a75fca8,0x000000008a780000)
 Metaspace       used 71715K, committed 73216K, reserved 1114112K
  class space    used 7495K, committed 8128K, reserved 1048576K
}
Event: 96.954 GC heap before
{Heap before GC invocations=221 (full 3):
 PSYoungGen      total 5120K, used 4795K [0x00000000d5580000, 0x00000000d5b80000, 0x0000000100000000)
  eden space 4096K, 100% used [0x00000000d5580000,0x00000000d5980000,0x00000000d5980000)
  from space 1024K, 68% used [0x00000000d5980000,0x00000000d5a2eea0,0x00000000d5a80000)
  to   space 1024K, 0% used [0x00000000d5a80000,0x00000000d5a80000,0x00000000d5b80000)
 ParOldGen       total 171520K, used 171391K [0x0000000080000000, 0x000000008a780000, 0x00000000d5580000)
  object space 171520K, 99% used [0x0000000080000000,0x000000008a75fca8,0x000000008a780000)
 Metaspace       used 72385K, committed 73856K, reserved 1179648K
  class space    used 7572K, committed 8192K, reserved 1048576K
}
Event: 96.959 GC heap after
{Heap after GC invocations=221 (full 3):
 PSYoungGen      total 4608K, used 288K [0x00000000d5580000, 0x00000000d5b00000, 0x0000000100000000)
  eden space 4096K, 0% used [0x00000000d5580000,0x00000000d5580000,0x00000000d5980000)
  from space 512K, 56% used [0x00000000d5a80000,0x00000000d5ac8000,0x00000000d5b00000)
  to   space 512K, 0% used [0x00000000d5a00000,0x00000000d5a00000,0x00000000d5a80000)
 ParOldGen       total 171520K, used 171399K [0x0000000080000000, 0x000000008a780000, 0x00000000d5580000)
  object space 171520K, 99% used [0x0000000080000000,0x000000008a761ca8,0x000000008a780000)
 Metaspace       used 72385K, committed 73856K, reserved 1179648K
  class space    used 7572K, committed 8192K, reserved 1048576K
}
Event: 97.073 GC heap before
{Heap before GC invocations=222 (full 3):
 PSYoungGen      total 4608K, used 4384K [0x00000000d5580000, 0x00000000d5b00000, 0x0000000100000000)
  eden space 4096K, 100% used [0x00000000d5580000,0x00000000d5980000,0x00000000d5980000)
  from space 512K, 56% used [0x00000000d5a80000,0x00000000d5ac8000,0x00000000d5b00000)
  to   space 512K, 0% used [0x00000000d5a00000,0x00000000d5a00000,0x00000000d5a80000)
 ParOldGen       total 171520K, used 171399K [0x0000000080000000, 0x000000008a780000, 0x00000000d5580000)
  object space 171520K, 99% used [0x0000000080000000,0x000000008a761ca8,0x000000008a780000)
 Metaspace       used 72815K, committed 74368K, reserved 1179648K
  class space    used 7639K, committed 8256K, reserved 1048576K
}
Event: 97.075 GC heap after
{Heap after GC invocations=222 (full 3):
 PSYoungGen      total 4608K, used 224K [0x00000000d5580000, 0x00000000d5b00000, 0x0000000100000000)
  eden space 4096K, 0% used [0x00000000d5580000,0x00000000d5580000,0x00000000d5980000)
  from space 512K, 43% used [0x00000000d5a00000,0x00000000d5a38000,0x00000000d5a80000)
  to   space 512K, 0% used [0x00000000d5a80000,0x00000000d5a80000,0x00000000d5b00000)
 ParOldGen       total 172032K, used 171564K [0x0000000080000000, 0x000000008a800000, 0x00000000d5580000)
  object space 172032K, 99% used [0x0000000080000000,0x000000008a78b0c0,0x000000008a800000)
 Metaspace       used 72815K, committed 74368K, reserved 1179648K
  class space    used 7639K, committed 8256K, reserved 1048576K
}
Event: 97.948 GC heap before
{Heap before GC invocations=223 (full 3):
 PSYoungGen      total 4608K, used 2926K [0x00000000d5580000, 0x00000000d5b00000, 0x0000000100000000)
  eden space 4096K, 65% used [0x00000000d5580000,0x00000000d5823b40,0x00000000d5980000)
  from space 512K, 43% used [0x00000000d5a00000,0x00000000d5a38000,0x00000000d5a80000)
  to   space 512K, 0% used [0x00000000d5a80000,0x00000000d5a80000,0x00000000d5b00000)
 ParOldGen       total 172032K, used 171564K [0x0000000080000000, 0x000000008a800000, 0x00000000d5580000)
  object space 172032K, 99% used [0x0000000080000000,0x000000008a78b0c0,0x000000008a800000)
 Metaspace       used 72950K, committed 74560K, reserved 1179648K
  class space    used 7657K, committed 8320K, reserved 1048576K
}
Event: 97.949 GC heap after
{Heap after GC invocations=223 (full 3):
 PSYoungGen      total 4608K, used 192K [0x00000000d5580000, 0x00000000d5b00000, 0x0000000100000000)
  eden space 4096K, 0% used [0x00000000d5580000,0x00000000d5580000,0x00000000d5980000)
  from space 512K, 37% used [0x00000000d5a80000,0x00000000d5ab0000,0x00000000d5b00000)
  to   space 512K, 0% used [0x00000000d5a00000,0x00000000d5a00000,0x00000000d5a80000)
 ParOldGen       total 172032K, used 171708K [0x0000000080000000, 0x000000008a800000, 0x00000000d5580000)
  object space 172032K, 99% used [0x0000000080000000,0x000000008a7af0c0,0x000000008a800000)
 Metaspace       used 72950K, committed 74560K, reserved 1179648K
  class space    used 7657K, committed 8320K, reserved 1048576K
}
Event: 98.038 GC heap before
{Heap before GC invocations=224 (full 3):
 PSYoungGen      total 4608K, used 2855K [0x00000000d5580000, 0x00000000d5b00000, 0x0000000100000000)
  eden space 4096K, 65% used [0x00000000d5580000,0x00000000d5819d58,0x00000000d5980000)
  from space 512K, 37% used [0x00000000d5a80000,0x00000000d5ab0000,0x00000000d5b00000)
  to   space 512K, 0% used [0x00000000d5a00000,0x00000000d5a00000,0x00000000d5a80000)
 ParOldGen       total 172032K, used 171708K [0x0000000080000000, 0x000000008a800000, 0x00000000d5580000)
  object space 172032K, 99% used [0x0000000080000000,0x000000008a7af0c0,0x000000008a800000)
 Metaspace       used 72976K, committed 74560K, reserved 1179648K
  class space    used 7660K, committed 8320K, reserved 1048576K
}
Event: 98.039 GC heap after
{Heap after GC invocations=224 (full 3):
 PSYoungGen      total 4608K, used 193K [0x00000000d5580000, 0x00000000d5b00000, 0x0000000100000000)
  eden space 4096K, 0% used [0x00000000d5580000,0x00000000d5580000,0x00000000d5980000)
  from space 512K, 37% used [0x00000000d5a00000,0x00000000d5a30630,0x00000000d5a80000)
  to   space 512K, 0% used [0x00000000d5a80000,0x00000000d5a80000,0x00000000d5b00000)
 ParOldGen       total 172032K, used 171872K [0x0000000080000000, 0x000000008a800000, 0x00000000d5580000)
  object space 172032K, 99% used [0x0000000080000000,0x000000008a7d8350,0x000000008a800000)
 Metaspace       used 72976K, committed 74560K, reserved 1179648K
  class space    used 7660K, committed 8320K, reserved 1048576K
}
Event: 98.086 GC heap before
{Heap before GC invocations=225 (full 3):
 PSYoungGen      total 4608K, used 4142K [0x00000000d5580000, 0x00000000d5b00000, 0x0000000100000000)
  eden space 4096K, 96% used [0x00000000d5580000,0x00000000d595b520,0x00000000d5980000)
  from space 512K, 37% used [0x00000000d5a00000,0x00000000d5a30630,0x00000000d5a80000)
  to   space 512K, 0% used [0x00000000d5a80000,0x00000000d5a80000,0x00000000d5b00000)
 ParOldGen       total 172032K, used 171872K [0x0000000080000000, 0x000000008a800000, 0x00000000d5580000)
  object space 172032K, 99% used [0x0000000080000000,0x000000008a7d8350,0x000000008a800000)
 Metaspace       used 72982K, committed 74560K, reserved 1179648K
  class space    used 7660K, committed 8320K, reserved 1048576K
}
Event: 98.091 GC heap after
{Heap after GC invocations=225 (full 3):
 PSYoungGen      total 4608K, used 288K [0x00000000d5580000, 0x00000000d5b00000, 0x0000000100000000)
  eden space 4096K, 0% used [0x00000000d5580000,0x00000000d5580000,0x00000000d5980000)
  from space 512K, 56% used [0x00000000d5a80000,0x00000000d5ac8068,0x00000000d5b00000)
  to   space 512K, 0% used [0x00000000d5a00000,0x00000000d5a00000,0x00000000d5a80000)
 ParOldGen       total 175104K, used 175019K [0x0000000080000000, 0x000000008ab00000, 0x00000000d5580000)
  object space 175104K, 99% used [0x0000000080000000,0x000000008aaeaf30,0x000000008ab00000)
 Metaspace       used 72982K, committed 74560K, reserved 1179648K
  class space    used 7660K, committed 8320K, reserved 1048576K
}
Event: 98.226 GC heap before
{Heap before GC invocations=226 (full 3):
 PSYoungGen      total 4608K, used 4384K [0x00000000d5580000, 0x00000000d5b00000, 0x0000000100000000)
  eden space 4096K, 100% used [0x00000000d5580000,0x00000000d5980000,0x00000000d5980000)
  from space 512K, 56% used [0x00000000d5a80000,0x00000000d5ac8068,0x00000000d5b00000)
  to   space 512K, 0% used [0x00000000d5a00000,0x00000000d5a00000,0x00000000d5a80000)
 ParOldGen       total 175104K, used 175019K [0x0000000080000000, 0x000000008ab00000, 0x00000000d5580000)
  object space 175104K, 99% used [0x0000000080000000,0x000000008aaeaf30,0x000000008ab00000)
 Metaspace       used 73022K, committed 74624K, reserved 1179648K
  class space    used 7660K, committed 8320K, reserved 1048576K
}
Event: 98.232 GC heap after
{Heap after GC invocations=226 (full 3):
 PSYoungGen      total 4608K, used 506K [0x00000000d5580000, 0x00000000d5c80000, 0x0000000100000000)
  eden space 4096K, 0% used [0x00000000d5580000,0x00000000d5580000,0x00000000d5980000)
  from space 512K, 99% used [0x00000000d5a00000,0x00000000d5a7ebb0,0x00000000d5a80000)
  to   space 1536K, 0% used [0x00000000d5b00000,0x00000000d5b00000,0x00000000d5c80000)
 ParOldGen       total 175616K, used 175465K [0x0000000080000000, 0x000000008ab80000, 0x00000000d5580000)
  object space 175616K, 99% used [0x0000000080000000,0x000000008ab5a4a8,0x000000008ab80000)
 Metaspace       used 73022K, committed 74624K, reserved 1179648K
  class space    used 7660K, committed 8320K, reserved 1048576K
}
Event: 8456.883 GC heap before
{Heap before GC invocations=227 (full 3):
 PSYoungGen      total 4608K, used 4602K [0x00000000d5580000, 0x00000000d5c80000, 0x0000000100000000)
  eden space 4096K, 100% used [0x00000000d5580000,0x00000000d5980000,0x00000000d5980000)
  from space 512K, 99% used [0x00000000d5a00000,0x00000000d5a7ebb0,0x00000000d5a80000)
  to   space 1536K, 0% used [0x00000000d5b00000,0x00000000d5b00000,0x00000000d5c80000)
 ParOldGen       total 175616K, used 175465K [0x0000000080000000, 0x000000008ab80000, 0x00000000d5580000)
  object space 175616K, 99% used [0x0000000080000000,0x000000008ab5a4a8,0x000000008ab80000)
 Metaspace       used 73318K, committed 74944K, reserved 1179648K
  class space    used 7677K, committed 8320K, reserved 1048576K
}
Event: 8457.017 GC heap after
{Heap after GC invocations=227 (full 3):
 PSYoungGen      total 5120K, used 639K [0x00000000d5580000, 0x00000000d5c00000, 0x0000000100000000)
  eden space 4096K, 0% used [0x00000000d5580000,0x00000000d5580000,0x00000000d5980000)
  from space 1024K, 62% used [0x00000000d5b00000,0x00000000d5b9fc38,0x00000000d5c00000)
  to   space 1024K, 0% used [0x00000000d5a00000,0x00000000d5a00000,0x00000000d5b00000)
 ParOldGen       total 176128K, used 175785K [0x0000000080000000, 0x000000008ac00000, 0x00000000d5580000)
  object space 176128K, 99% used [0x0000000080000000,0x000000008abaa730,0x000000008ac00000)
 Metaspace       used 73318K, committed 74944K, reserved 1179648K
  class space    used 7677K, committed 8320K, reserved 1048576K
}
Event: 39958.141 GC heap before
{Heap before GC invocations=228 (full 3):
 PSYoungGen      total 5120K, used 4735K [0x00000000d5580000, 0x00000000d5c00000, 0x0000000100000000)
  eden space 4096K, 99% used [0x00000000d5580000,0x00000000d597ffe8,0x00000000d5980000)
  from space 1024K, 62% used [0x00000000d5b00000,0x00000000d5b9fc38,0x00000000d5c00000)
  to   space 1024K, 0% used [0x00000000d5a00000,0x00000000d5a00000,0x00000000d5b00000)
 ParOldGen       total 176128K, used 175785K [0x0000000080000000, 0x000000008ac00000, 0x00000000d5580000)
  object space 176128K, 99% used [0x0000000080000000,0x000000008abaa730,0x000000008ac00000)
 Metaspace       used 73542K, committed 75136K, reserved 1179648K
  class space    used 7708K, committed 8384K, reserved 1048576K
}
Event: 39958.290 GC heap after
{Heap after GC invocations=228 (full 3):
 PSYoungGen      total 5120K, used 160K [0x00000000d5580000, 0x00000000d5b80000, 0x0000000100000000)
  eden space 4096K, 0% used [0x00000000d5580000,0x00000000d5580000,0x00000000d5980000)
  from space 1024K, 15% used [0x00000000d5a00000,0x00000000d5a28000,0x00000000d5b00000)
  to   space 512K, 0% used [0x00000000d5b00000,0x00000000d5b00000,0x00000000d5b80000)
 ParOldGen       total 176640K, used 176347K [0x0000000080000000, 0x000000008ac80000, 0x00000000d5580000)
  object space 176640K, 99% used [0x0000000080000000,0x000000008ac36c70,0x000000008ac80000)
 Metaspace       used 73542K, committed 75136K, reserved 1179648K
  class space    used 7708K, committed 8384K, reserved 1048576K
}

