# JRE version: OpenJDK Runtime Environment Temurin-21.0.8+9 (21.0.8+9) (build 21.0.8+9-LTS)
# Java VM: OpenJDK 64-Bit Server VM Temurin-21.0.8+9 (21.0.8+9-LTS, mixed mode, sharing, tiered, compressed oops, compressed class ptrs, parallel gc, windows-amd64)
GC Precious Log:
 CardTable entry size: 512
 CPUs: 4 total, 4 available
 Memory: 3983M
 Large Page Support: Disabled
 NUMA Support: Disabled
 Compressed Oops: Enabled (32-bit)
 Alignments: Space 512K, Generation 512K, Heap 2M
 Heap Min Capacity: 100M
 Heap Initial Capacity: 100M
 Heap Max Capacity: 2G
 Pre-touch: Disabled
 Parallel Workers: 4
Heap:
 PSYoungGen      total 5120K, used 4280K [0x00000000d5580000, 0x00000000d5e00000, 0x0000000100000000)
  eden space 4608K, 81% used [0x00000000d5580000,0x00000000d592e130,0x00000000d5a00000)
  from space 512K, 100% used [0x00000000d5c80000,0x00000000d5d00000,0x00000000d5d00000)
  to   space 1024K, 0% used [0x00000000d5d00000,0x00000000d5d00000,0x00000000d5e00000)
 ParOldGen       total 1289216K, used 259308K [0x0000000080000000, 0x00000000ceb00000, 0x00000000d5580000)
  object space 1289216K, 20% used [0x0000000080000000,0x000000008fd3b218,0x00000000ceb00000)
 Metaspace       used 88293K, committed 90176K, reserved 1179648K
  class space    used 8952K, committed 9792K, reserved 1048576K
GC Heap History (20 events):
Event: 3220.811 GC heap before
{Heap before GC invocations=1395 (full 5):
 PSYoungGen      total 7680K, used 7648K [0x00000000d5580000, 0x00000000d6580000, 0x0000000100000000)
  eden space 6656K, 100% used [0x00000000d5580000,0x00000000d5c00000,0x00000000d5c00000)
  from space 1024K, 96% used [0x00000000d5c00000,0x00000000d5cf8318,0x00000000d5d00000)
  to   space 4608K, 0% used [0x00000000d6100000,0x00000000d6100000,0x00000000d6580000)
 ParOldGen       total 1289216K, used 249430K [0x0000000080000000, 0x00000000ceb00000, 0x00000000d5580000)
  object space 1289216K, 19% used [0x0000000080000000,0x000000008f3959d0,0x00000000ceb00000)
 Metaspace       used 88262K, committed 90048K, reserved 1179648K
  class space    used 8952K, committed 9792K, reserved 1048576K
}
Event: 3220.814 GC heap after
{Heap after GC invocations=1395 (full 5):
 PSYoungGen      total 8704K, used 308K [0x00000000d5580000, 0x00000000d6180000, 0x0000000100000000)
  eden space 8192K, 0% used [0x00000000d5580000,0x00000000d5580000,0x00000000d5d80000)
  from space 512K, 60% used [0x00000000d6100000,0x00000000d614d200,0x00000000d6180000)
  to   space 2048K, 0% used [0x00000000d5d80000,0x00000000d5d80000,0x00000000d5f80000)
 ParOldGen       total 1289216K, used 249582K [0x0000000080000000, 0x00000000ceb00000, 0x00000000d5580000)
  object space 1289216K, 19% used [0x0000000080000000,0x000000008f3bb9d0,0x00000000ceb00000)
 Metaspace       used 88262K, committed 90048K, reserved 1179648K
  class space    used 8952K, committed 9792K, reserved 1048576K
}
Event: 3220.835 GC heap before
{Heap before GC invocations=1396 (full 5):
 PSYoungGen      total 8704K, used 8500K [0x00000000d5580000, 0x00000000d6180000, 0x0000000100000000)
  eden space 8192K, 100% used [0x00000000d5580000,0x00000000d5d80000,0x00000000d5d80000)
  from space 512K, 60% used [0x00000000d6100000,0x00000000d614d200,0x00000000d6180000)
  to   space 2048K, 0% used [0x00000000d5d80000,0x00000000d5d80000,0x00000000d5f80000)
 ParOldGen       total 1289216K, used 249582K [0x0000000080000000, 0x00000000ceb00000, 0x00000000d5580000)
  object space 1289216K, 19% used [0x0000000080000000,0x000000008f3bb9d0,0x00000000ceb00000)
 Metaspace       used 88262K, committed 90048K, reserved 1179648K
  class space    used 8952K, committed 9792K, reserved 1048576K
}
Event: 3220.839 GC heap after
{Heap after GC invocations=1396 (full 5):
 PSYoungGen      total 10240K, used 880K [0x00000000d5580000, 0x00000000d6180000, 0x0000000100000000)
  eden space 8192K, 0% used [0x00000000d5580000,0x00000000d5580000,0x00000000d5d80000)
  from space 2048K, 42% used [0x00000000d5d80000,0x00000000d5e5c010,0x00000000d5f80000)
  to   space 1024K, 0% used [0x00000000d6080000,0x00000000d6080000,0x00000000d6180000)
 ParOldGen       total 1289216K, used 249818K [0x0000000080000000, 0x00000000ceb00000, 0x00000000d5580000)
  object space 1289216K, 19% used [0x0000000080000000,0x000000008f3f6bd0,0x00000000ceb00000)
 Metaspace       used 88262K, committed 90048K, reserved 1179648K
  class space    used 8952K, committed 9792K, reserved 1048576K
}
Event: 3222.788 GC heap before
{Heap before GC invocations=1397 (full 5):
 PSYoungGen      total 10240K, used 9072K [0x00000000d5580000, 0x00000000d6180000, 0x0000000100000000)
  eden space 8192K, 100% used [0x00000000d5580000,0x00000000d5d80000,0x00000000d5d80000)
  from space 2048K, 42% used [0x00000000d5d80000,0x00000000d5e5c010,0x00000000d5f80000)
  to   space 1024K, 0% used [0x00000000d6080000,0x00000000d6080000,0x00000000d6180000)
 ParOldGen       total 1289216K, used 249818K [0x0000000080000000, 0x00000000ceb00000, 0x00000000d5580000)
  object space 1289216K, 19% used [0x0000000080000000,0x000000008f3f6bd0,0x00000000ceb00000)
 Metaspace       used 88262K, committed 90048K, reserved 1179648K
  class space    used 8952K, committed 9792K, reserved 1048576K
}
Event: 3222.799 GC heap after
{Heap after GC invocations=1397 (full 5):
 PSYoungGen      total 8704K, used 212K [0x00000000d5580000, 0x00000000d6100000, 0x0000000100000000)
  eden space 8192K, 0% used [0x00000000d5580000,0x00000000d5580000,0x00000000d5d80000)
  from space 512K, 41% used [0x00000000d6080000,0x00000000d60b5200,0x00000000d6100000)
  to   space 512K, 0% used [0x00000000d6000000,0x00000000d6000000,0x00000000d6080000)
 ParOldGen       total 1289216K, used 250651K [0x0000000080000000, 0x00000000ceb00000, 0x00000000d5580000)
  object space 1289216K, 19% used [0x0000000080000000,0x000000008f4c6c10,0x00000000ceb00000)
 Metaspace       used 88262K, committed 90048K, reserved 1179648K
  class space    used 8952K, committed 9792K, reserved 1048576K
}
Event: 3222.828 GC heap before
{Heap before GC invocations=1398 (full 5):
 PSYoungGen      total 8704K, used 8404K [0x00000000d5580000, 0x00000000d6100000, 0x0000000100000000)
  eden space 8192K, 100% used [0x00000000d5580000,0x00000000d5d80000,0x00000000d5d80000)
  from space 512K, 41% used [0x00000000d6080000,0x00000000d60b5200,0x00000000d6100000)
  to   space 512K, 0% used [0x00000000d6000000,0x00000000d6000000,0x00000000d6080000)
 ParOldGen       total 1289216K, used 250651K [0x0000000080000000, 0x00000000ceb00000, 0x00000000d5580000)
  object space 1289216K, 19% used [0x0000000080000000,0x000000008f4c6c10,0x00000000ceb00000)
 Metaspace       used 88262K, committed 90048K, reserved 1179648K
  class space    used 8952K, committed 9792K, reserved 1048576K
}
Event: 3222.831 GC heap after
{Heap after GC invocations=1398 (full 5):
 PSYoungGen      total 8704K, used 512K [0x00000000d5580000, 0x00000000d6100000, 0x0000000100000000)
  eden space 8192K, 0% used [0x00000000d5580000,0x00000000d5580000,0x00000000d5d80000)
  from space 512K, 100% used [0x00000000d6000000,0x00000000d6080000,0x00000000d6080000)
  to   space 512K, 0% used [0x00000000d6080000,0x00000000d6080000,0x00000000d6100000)
 ParOldGen       total 1289216K, used 251063K [0x0000000080000000, 0x00000000ceb00000, 0x00000000d5580000)
  object space 1289216K, 19% used [0x0000000080000000,0x000000008f52de40,0x00000000ceb00000)
 Metaspace       used 88262K, committed 90048K, reserved 1179648K
  class space    used 8952K, committed 9792K, reserved 1048576K
}
Event: 3223.178 GC heap before
{Heap before GC invocations=1399 (full 5):
 PSYoungGen      total 8704K, used 8704K [0x00000000d5580000, 0x00000000d6100000, 0x0000000100000000)
  eden space 8192K, 100% used [0x00000000d5580000,0x00000000d5d80000,0x00000000d5d80000)
  from space 512K, 100% used [0x00000000d6000000,0x00000000d6080000,0x00000000d6080000)
  to   space 512K, 0% used [0x00000000d6080000,0x00000000d6080000,0x00000000d6100000)
 ParOldGen       total 1289216K, used 251063K [0x0000000080000000, 0x00000000ceb00000, 0x00000000d5580000)
  object space 1289216K, 19% used [0x0000000080000000,0x000000008f52de40,0x00000000ceb00000)
 Metaspace       used 88262K, committed 90048K, reserved 1179648K
  class space    used 8952K, committed 9792K, reserved 1048576K
}
Event: 3223.205 GC heap after
{Heap after GC invocations=1399 (full 5):
 PSYoungGen      total 5120K, used 482K [0x00000000d5580000, 0x00000000d6a80000, 0x0000000100000000)
  eden space 4608K, 0% used [0x00000000d5580000,0x00000000d5580000,0x00000000d5a00000)
  from space 512K, 94% used [0x00000000d6080000,0x00000000d60f8b18,0x00000000d6100000)
  to   space 6656K, 0% used [0x00000000d5a00000,0x00000000d5a00000,0x00000000d6080000)
 ParOldGen       total 1289216K, used 256324K [0x0000000080000000, 0x00000000ceb00000, 0x00000000d5580000)
  object space 1289216K, 19% used [0x0000000080000000,0x000000008fa51030,0x00000000ceb00000)
 Metaspace       used 88262K, committed 90048K, reserved 1179648K
  class space    used 8952K, committed 9792K, reserved 1048576K
}
Event: 3223.452 GC heap before
{Heap before GC invocations=1400 (full 5):
 PSYoungGen      total 5120K, used 5090K [0x00000000d5580000, 0x00000000d6a80000, 0x0000000100000000)
  eden space 4608K, 100% used [0x00000000d5580000,0x00000000d5a00000,0x00000000d5a00000)
  from space 512K, 94% used [0x00000000d6080000,0x00000000d60f8b18,0x00000000d6100000)
  to   space 6656K, 0% used [0x00000000d5a00000,0x00000000d5a00000,0x00000000d6080000)
 ParOldGen       total 1289216K, used 256324K [0x0000000080000000, 0x00000000ceb00000, 0x00000000d5580000)
  object space 1289216K, 19% used [0x0000000080000000,0x000000008fa51030,0x00000000ceb00000)
 Metaspace       used 88264K, committed 90048K, reserved 1179648K
  class space    used 8952K, committed 9792K, reserved 1048576K
}
Event: 3223.463 GC heap after
{Heap after GC invocations=1400 (full 5):
 PSYoungGen      total 7168K, used 2548K [0x00000000d5580000, 0x00000000d6200000, 0x0000000100000000)
  eden space 4608K, 0% used [0x00000000d5580000,0x00000000d5580000,0x00000000d5a00000)
  from space 2560K, 99% used [0x00000000d5a00000,0x00000000d5c7d300,0x00000000d5c80000)
  to   space 4096K, 0% used [0x00000000d5e00000,0x00000000d5e00000,0x00000000d6200000)
 ParOldGen       total 1289216K, used 256819K [0x0000000080000000, 0x00000000ceb00000, 0x00000000d5580000)
  object space 1289216K, 19% used [0x0000000080000000,0x000000008faccc78,0x00000000ceb00000)
 Metaspace       used 88264K, committed 90048K, reserved 1179648K
  class space    used 8952K, committed 9792K, reserved 1048576K
}
Event: 3223.682 GC heap before
{Heap before GC invocations=1401 (full 5):
 PSYoungGen      total 7168K, used 7156K [0x00000000d5580000, 0x00000000d6200000, 0x0000000100000000)
  eden space 4608K, 100% used [0x00000000d5580000,0x00000000d5a00000,0x00000000d5a00000)
  from space 2560K, 99% used [0x00000000d5a00000,0x00000000d5c7d300,0x00000000d5c80000)
  to   space 4096K, 0% used [0x00000000d5e00000,0x00000000d5e00000,0x00000000d6200000)
 ParOldGen       total 1289216K, used 256819K [0x0000000080000000, 0x00000000ceb00000, 0x00000000d5580000)
  object space 1289216K, 19% used [0x0000000080000000,0x000000008faccc78,0x00000000ceb00000)
 Metaspace       used 88267K, committed 90048K, reserved 1179648K
  class space    used 8952K, committed 9792K, reserved 1048576K
}
Event: 3223.689 GC heap after
{Heap after GC invocations=1401 (full 5):
 PSYoungGen      total 5632K, used 564K [0x00000000d5580000, 0x00000000d5f00000, 0x0000000100000000)
  eden space 4608K, 0% used [0x00000000d5580000,0x00000000d5580000,0x00000000d5a00000)
  from space 1024K, 55% used [0x00000000d5e00000,0x00000000d5e8d200,0x00000000d5f00000)
  to   space 1536K, 0% used [0x00000000d5c00000,0x00000000d5c00000,0x00000000d5d80000)
 ParOldGen       total 1289216K, used 257683K [0x0000000080000000, 0x00000000ceb00000, 0x00000000d5580000)
  object space 1289216K, 19% used [0x0000000080000000,0x000000008fba4ca8,0x00000000ceb00000)
 Metaspace       used 88267K, committed 90048K, reserved 1179648K
  class space    used 8952K, committed 9792K, reserved 1048576K
}
Event: 3223.699 GC heap before
{Heap before GC invocations=1402 (full 5):
 PSYoungGen      total 5632K, used 5172K [0x00000000d5580000, 0x00000000d5f00000, 0x0000000100000000)
  eden space 4608K, 100% used [0x00000000d5580000,0x00000000d5a00000,0x00000000d5a00000)
  from space 1024K, 55% used [0x00000000d5e00000,0x00000000d5e8d200,0x00000000d5f00000)
  to   space 1536K, 0% used [0x00000000d5c00000,0x00000000d5c00000,0x00000000d5d80000)
 ParOldGen       total 1289216K, used 257683K [0x0000000080000000, 0x00000000ceb00000, 0x00000000d5580000)
  object space 1289216K, 19% used [0x0000000080000000,0x000000008fba4ca8,0x00000000ceb00000)
 Metaspace       used 88267K, committed 90048K, reserved 1179648K
  class space    used 8952K, committed 9792K, reserved 1048576K
}
Event: 3223.704 GC heap after
{Heap after GC invocations=1402 (full 5):
 PSYoungGen      total 6144K, used 576K [0x00000000d5580000, 0x00000000d5e80000, 0x0000000100000000)
  eden space 4608K, 0% used [0x00000000d5580000,0x00000000d5580000,0x00000000d5a00000)
  from space 1536K, 37% used [0x00000000d5c00000,0x00000000d5c90000,0x00000000d5d80000)
  to   space 1024K, 0% used [0x00000000d5d80000,0x00000000d5d80000,0x00000000d5e80000)
 ParOldGen       total 1289216K, used 258187K [0x0000000080000000, 0x00000000ceb00000, 0x00000000d5580000)
  object space 1289216K, 20% used [0x0000000080000000,0x000000008fc22ec8,0x00000000ceb00000)
 Metaspace       used 88267K, committed 90048K, reserved 1179648K
  class space    used 8952K, committed 9792K, reserved 1048576K
}
Event: 3223.725 GC heap before
{Heap before GC invocations=1403 (full 5):
 PSYoungGen      total 6144K, used 5184K [0x00000000d5580000, 0x00000000d5e80000, 0x0000000100000000)
  eden space 4608K, 100% used [0x00000000d5580000,0x00000000d5a00000,0x00000000d5a00000)
  from space 1536K, 37% used [0x00000000d5c00000,0x00000000d5c90000,0x00000000d5d80000)
  to   space 1024K, 0% used [0x00000000d5d80000,0x00000000d5d80000,0x00000000d5e80000)
 ParOldGen       total 1289216K, used 258187K [0x0000000080000000, 0x00000000ceb00000, 0x00000000d5580000)
  object space 1289216K, 20% used [0x0000000080000000,0x000000008fc22ec8,0x00000000ceb00000)
 Metaspace       used 88268K, committed 90048K, reserved 1179648K
  class space    used 8952K, committed 9792K, reserved 1048576K
}
Event: 3223.730 GC heap after
{Heap after GC invocations=1403 (full 5):
 PSYoungGen      total 5632K, used 704K [0x00000000d5580000, 0x00000000d5e80000, 0x0000000100000000)
  eden space 4608K, 0% used [0x00000000d5580000,0x00000000d5580000,0x00000000d5a00000)
  from space 1024K, 68% used [0x00000000d5d80000,0x00000000d5e30000,0x00000000d5e80000)
  to   space 1024K, 0% used [0x00000000d5c80000,0x00000000d5c80000,0x00000000d5d80000)
 ParOldGen       total 1289216K, used 258683K [0x0000000080000000, 0x00000000ceb00000, 0x00000000d5580000)
  object space 1289216K, 20% used [0x0000000080000000,0x000000008fc9eee8,0x00000000ceb00000)
 Metaspace       used 88268K, committed 90048K, reserved 1179648K
  class space    used 8952K, committed 9792K, reserved 1048576K
}
Event: 3234.066 GC heap before
{Heap before GC invocations=1404 (full 5):
 PSYoungGen      total 5632K, used 5312K [0x00000000d5580000, 0x00000000d5e80000, 0x0000000100000000)
  eden space 4608K, 100% used [0x00000000d5580000,0x00000000d5a00000,0x00000000d5a00000)
  from space 1024K, 68% used [0x00000000d5d80000,0x00000000d5e30000,0x00000000d5e80000)
  to   space 1024K, 0% used [0x00000000d5c80000,0x00000000d5c80000,0x00000000d5d80000)
 ParOldGen       total 1289216K, used 258683K [0x0000000080000000, 0x00000000ceb00000, 0x00000000d5580000)
  object space 1289216K, 20% used [0x0000000080000000,0x000000008fc9eee8,0x00000000ceb00000)
 Metaspace       used 88276K, committed 90112K, reserved 1179648K
  class space    used 8952K, committed 9792K, reserved 1048576K
}
Event: 3234.076 GC heap after
{Heap after GC invocations=1404 (full 5):
 PSYoungGen      total 5120K, used 512K [0x00000000d5580000, 0x00000000d5e00000, 0x0000000100000000)
  eden space 4608K, 0% used [0x00000000d5580000,0x00000000d5580000,0x00000000d5a00000)
  from space 512K, 100% used [0x00000000d5c80000,0x00000000d5d00000,0x00000000d5d00000)
  to   space 1024K, 0% used [0x00000000d5d00000,0x00000000d5d00000,0x00000000d5e00000)
 ParOldGen       total 1289216K, used 259308K [0x0000000080000000, 0x00000000ceb00000, 0x00000000d5580000)
  object space 1289216K, 20% used [0x0000000080000000,0x000000008fd3b218,0x00000000ceb00000)
 Metaspace       used 88276K, committed 90112K, reserved 1179648K
  class space    used 8952K, committed 9792K, reserved 1048576K
}

